<?xml version="1.0" encoding="UTF-8"?>
<!-- Generated by org.testng.reporters.JUnitReportReporter -->
<testsuite skipped="0" hostname="DESKTOP-Q0OI0J8" name="com.test.tests.NewTest" tests="1" failures="0" timestamp="26 Jan 2019 14:16:52 GMT" time="7.317" errors="0">
  <testcase name="testHomePageTitle" time="7.317" classname="com.test.tests.NewTest"/>
</testsuite> <!-- com.test.tests.NewTest -->
